Using pre-set license
Built from '2021.3/staging' branch; Version is '2021.3.20f1 (577897200b8b) revision 5732503'; Using compiler version '192829333'; Build Type 'Release'
OS: 'Windows 11  (10.0.22621) 64bit Education' Language: 'tr' Physical Memory: 5996 MB
BatchMode: 1, IsHumanControllingUs: 0, StartBugReporterOnCrash: 0, Is64bit: 1, IsPro: 1

COMMAND LINE ARGUMENTS:
C:\Program Files\Unity\Hub\Editor\2021.3.20f1\Editor\Unity.exe
-adb2
-batchMode
-noUpm
-name
AssetImportWorker3
-projectPath
C:/Users/mybus/tbtd
-logFile
Logs/AssetImportWorker3.log
-srvPort
57896
Successfully changed project path to: C:/Users/mybus/tbtd
C:/Users/mybus/tbtd
[UnityMemory] Configuration Parameters - Can be set up in boot.config
    "memorysetup-bucket-allocator-granularity=16"
    "memorysetup-bucket-allocator-bucket-count=8"
    "memorysetup-bucket-allocator-block-size=33554432"
    "memorysetup-bucket-allocator-block-count=8"
    "memorysetup-main-allocator-block-size=16777216"
    "memorysetup-thread-allocator-block-size=16777216"
    "memorysetup-gfx-main-allocator-block-size=16777216"
    "memorysetup-gfx-thread-allocator-block-size=16777216"
    "memorysetup-cache-allocator-block-size=4194304"
    "memorysetup-typetree-allocator-block-size=2097152"
    "memorysetup-profiler-bucket-allocator-granularity=16"
    "memorysetup-profiler-bucket-allocator-bucket-count=8"
    "memorysetup-profiler-bucket-allocator-block-size=33554432"
    "memorysetup-profiler-bucket-allocator-block-count=8"
    "memorysetup-profiler-allocator-block-size=16777216"
    "memorysetup-profiler-editor-allocator-block-size=1048576"
    "memorysetup-temp-allocator-size-main=16777216"
    "memorysetup-job-temp-allocator-block-size=2097152"
    "memorysetup-job-temp-allocator-block-size-background=1048576"
    "memorysetup-job-temp-allocator-reduction-small-platforms=262144"
    "memorysetup-temp-allocator-size-background-worker=32768"
    "memorysetup-temp-allocator-size-job-worker=262144"
    "memorysetup-temp-allocator-size-preload-manager=33554432"
    "memorysetup-temp-allocator-size-nav-mesh-worker=65536"
    "memorysetup-temp-allocator-size-audio-worker=65536"
    "memorysetup-temp-allocator-size-cloud-worker=32768"
    "memorysetup-temp-allocator-size-gi-baking-worker=262144"
    "memorysetup-temp-allocator-size-gfx=262144"
Player connection [32168] Host "[IP] 192.168.1.103 [Port] 0 [Flags] 2 [Guid] 1498862460 [EditorId] 1498862460 [Version] 1048832 [Id] WindowsEditor(7,muratyl2k4) [Debug] 1 [PackageName] WindowsEditor [ProjectName] Editor" joined multi-casting on [225.0.0.222:54997]...

Player connection [32168] Host "[IP] 192.168.1.103 [Port] 0 [Flags] 2 [Guid] 1498862460 [EditorId] 1498862460 [Version] 1048832 [Id] WindowsEditor(7,muratyl2k4) [Debug] 1 [PackageName] WindowsEditor [ProjectName] Editor" joined alternative multi-casting on [225.0.0.222:34997]...

Refreshing native plugins compatible for Editor in 192.41 ms, found 3 plugins.
Preloading 0 native plugins for Editor in 0.00 ms.
Initialize engine version: 2021.3.20f1 (577897200b8b)
[Subsystems] Discovering subsystems at path C:/Program Files/Unity/Hub/Editor/2021.3.20f1/Editor/Data/Resources/UnitySubsystems
[Subsystems] Discovering subsystems at path C:/Users/mybus/tbtd/Assets
GfxDevice: creating device client; threaded=0; jobified=0
Direct3D:
    Version:  Direct3D 11.0 [level 11.1]
    Renderer: NVIDIA GeForce GTX 1650 (ID=0x1f9d)
    Vendor:   NVIDIA
    VRAM:     3952 MB
    Driver:   31.0.15.2656
Initialize mono
Mono path[0] = 'C:/Program Files/Unity/Hub/Editor/2021.3.20f1/Editor/Data/Managed'
Mono path[1] = 'C:/Program Files/Unity/Hub/Editor/2021.3.20f1/Editor/Data/MonoBleedingEdge/lib/mono/unityjit-win32'
Mono config path = 'C:/Program Files/Unity/Hub/Editor/2021.3.20f1/Editor/Data/MonoBleedingEdge/etc'
Using monoOptions --debugger-agent=transport=dt_socket,embedding=1,server=y,suspend=n,address=127.0.0.1:56336
Begin MonoManager ReloadAssembly
Registering precompiled unity dll's ...
Register platform support module: C:/Program Files/Unity/Hub/Editor/2021.3.20f1/Editor/Data/PlaybackEngines/WebGLSupport/UnityEditor.WebGL.Extensions.dll
Register platform support module: C:/Program Files/Unity/Hub/Editor/2021.3.20f1/Editor/Data/PlaybackEngines/WindowsStandaloneSupport/UnityEditor.WindowsStandalone.Extensions.dll
Registered in 0.010165 seconds.
Native extension for WindowsStandalone target not found
Native extension for WebGL target not found
Refreshing native plugins compatible for Editor in 93.38 ms, found 3 plugins.
Preloading 0 native plugins for Editor in 0.00 ms.
Mono: successfully reloaded assembly
- Completed reload, in  1.886 seconds
Domain Reload Profiling:
	ReloadAssembly (1886ms)
		BeginReloadAssembly (359ms)
			ExecutionOrderSort (0ms)
			DisableScriptedObjects (0ms)
			BackupInstance (0ms)
			ReleaseScriptingObjects (0ms)
			CreateAndSetChildDomain (2ms)
		EndReloadAssembly (845ms)
			LoadAssemblies (360ms)
			RebuildTransferFunctionScriptingTraits (0ms)
			SetupTypeCache (386ms)
			ReleaseScriptCaches (0ms)
			RebuildScriptCaches (52ms)
			SetupLoadedEditorAssemblies (322ms)
				LogAssemblyErrors (0ms)
				InitializePlatformSupportModulesInManaged (16ms)
				SetLoadedEditorAssemblies (1ms)
				RefreshPlugins (94ms)
				BeforeProcessingInitializeOnLoad (2ms)
				ProcessInitializeOnLoadAttributes (142ms)
				ProcessInitializeOnLoadMethodAttributes (69ms)
				AfterProcessingInitializeOnLoad (0ms)
				EditorAssembliesLoaded (0ms)
			ExecutionOrderSort2 (0ms)
			AwakeInstancesAfterBackupRestoration (0ms)
Platform modules already initialized, skipping
Registering precompiled user dll's ...
Registered in 0.014657 seconds.
Begin MonoManager ReloadAssembly
Symbol file LoadedFromMemory doesn't match image C:\Users\mybus\tbtd\Library\PackageCache\com.unity.visualscripting@1.8.0\Editor\VisualScripting.Core\Dependencies\YamlDotNet\Unity.VisualScripting.YamlDotNet.dll
Symbol file LoadedFromMemory doesn't match image C:\Users\mybus\tbtd\Library\PackageCache\com.unity.visualscripting@1.8.0\Editor\VisualScripting.Core\Dependencies\DotNetZip\Unity.VisualScripting.IonicZip.dll
Native extension for WindowsStandalone target not found
Native extension for WebGL target not found
Refreshing native plugins compatible for Editor in 0.94 ms, found 3 plugins.
Preloading 0 native plugins for Editor in 0.00 ms.
Mono: successfully reloaded assembly
- Completed reload, in  1.315 seconds
Domain Reload Profiling:
	ReloadAssembly (1316ms)
		BeginReloadAssembly (164ms)
			ExecutionOrderSort (0ms)
			DisableScriptedObjects (5ms)
			BackupInstance (0ms)
			ReleaseScriptingObjects (0ms)
			CreateAndSetChildDomain (41ms)
		EndReloadAssembly (1019ms)
			LoadAssemblies (169ms)
			RebuildTransferFunctionScriptingTraits (0ms)
			SetupTypeCache (377ms)
			ReleaseScriptCaches (1ms)
			RebuildScriptCaches (49ms)
			SetupLoadedEditorAssemblies (377ms)
				LogAssemblyErrors (0ms)
				InitializePlatformSupportModulesInManaged (9ms)
				SetLoadedEditorAssemblies (1ms)
				RefreshPlugins (1ms)
				BeforeProcessingInitializeOnLoad (82ms)
				ProcessInitializeOnLoadAttributes (253ms)
				ProcessInitializeOnLoadMethodAttributes (24ms)
				AfterProcessingInitializeOnLoad (8ms)
				EditorAssembliesLoaded (0ms)
			ExecutionOrderSort2 (0ms)
			AwakeInstancesAfterBackupRestoration (8ms)
Platform modules already initialized, skipping
========================================================================
Worker process is ready to serve import requests
Launched and connected shader compiler UnityShaderCompiler.exe after 0.18 seconds
Refreshing native plugins compatible for Editor in 0.98 ms, found 3 plugins.
Preloading 0 native plugins for Editor in 0.00 ms.
Unloading 3052 Unused Serialized files (Serialized files now loaded: 0)
Unloading 24 unused Assets / (113.4 KB). Loaded Objects now: 3512.
Memory consumption went from 107.7 MB to 107.6 MB.
Total: 4.526200 ms (FindLiveObjects: 0.349300 ms CreateObjectMapping: 0.103800 ms MarkObjects: 3.926600 ms  DeleteObjects: 0.145100 ms)

AssetImportParameters requested are different than current active one (requested -> active):
  custom:video-decoder-ogg-theora: a1e56fd34408186e4bbccfd4996cb3dc -> 
  custom:container-muxer-webm: aa71ff27fc2769a1b78a27578f13a17b -> 
  custom:container-demuxer-webm: 4f35f7cbe854078d1ac9338744f61a02 -> 
  custom:video-encoder-webm-vp8: eb34c28f22e8b96e1ab97ce403110664 -> 
  custom:audio-encoder-webm-vorbis: bf7c407c2cedff20999df2af8eb42d56 -> 
  custom:framework-win-MediaFoundation: 216162199b28c13a410421893ffa2e32 -> 
  custom:container-demuxer-ogg: 62fdf1f143b41e24485cea50d1cbac27 -> 
  custom:video-decoder-webm-vp8: 9c59270c3fd7afecdb556c50c9e8de78 -> 
  custom:audio-decoder-ogg-vorbis: bf7c407c2cedff20999df2af8eb42d56 -> 
========================================================================
Received Import Request.
  Time since last request: 1604368.473816 seconds.
  path: Assets/Player Base.prefab
  artifactKey: Guid(6779d2d9d4788934996d02c2bc10a9cc) Importer(815301076,1909f56bfc062723c751e8b465ee728b)
Start importing Assets/Player Base.prefab using Guid(6779d2d9d4788934996d02c2bc10a9cc) Importer(815301076,1909f56bfc062723c751e8b465ee728b)  -> (artifact id: '60ab33052d493735211eb60ab0280a61') in 0.181218 seconds 
========================================================================
Received Import Request.
  Time since last request: 0.000032 seconds.
  path: Assets/Enemy Base.prefab
  artifactKey: Guid(d4fd77040f9d9fe4fb16d6bcb52715bc) Importer(815301076,1909f56bfc062723c751e8b465ee728b)
Start importing Assets/Enemy Base.prefab using Guid(d4fd77040f9d9fe4fb16d6bcb52715bc) Importer(815301076,1909f56bfc062723c751e8b465ee728b)  -> (artifact id: 'aeadd85a94b4f81bdb5c4a2abe45fce0') in 0.029376 seconds 
========================================================================
Received Import Request.
  Time since last request: 1089.524671 seconds.
  path: Assets/Ch39_nonPBR.fbm/Ch39_1001_Glossiness.png
  artifactKey: Guid(364b633960f809046b23a9e66ec7851b) Importer(815301076,1909f56bfc062723c751e8b465ee728b)
Start importing Assets/Ch39_nonPBR.fbm/Ch39_1001_Glossiness.png using Guid(364b633960f809046b23a9e66ec7851b) Importer(815301076,1909f56bfc062723c751e8b465ee728b)  -> (artifact id: '55b5b8ddec16107506cb5e0b2aadf3f8') in 0.402023 seconds 
========================================================================
Received Import Request.
  Time since last request: 5.709890 seconds.
  path: Assets/Yeni klasör/crouch to standing idle.fbx
  artifactKey: Guid(279aac96bde62d74f8aedcf78c52b498) Importer(815301076,1909f56bfc062723c751e8b465ee728b)
Start importing Assets/Yeni klasör/crouch to standing idle.fbx using Guid(279aac96bde62d74f8aedcf78c52b498) Importer(815301076,1909f56bfc062723c751e8b465ee728b)  -> (artifact id: '5730cb9827b0e54dede3d84794a90f86') in 0.066965 seconds 
========================================================================
Received Import Request.
  Time since last request: 0.000042 seconds.
  path: Assets/Yeni klasör/unarmed jump running.fbx
  artifactKey: Guid(625b9d20598ab9643b80130d3f451ff2) Importer(815301076,1909f56bfc062723c751e8b465ee728b)
Start importing Assets/Yeni klasör/unarmed jump running.fbx using Guid(625b9d20598ab9643b80130d3f451ff2) Importer(815301076,1909f56bfc062723c751e8b465ee728b)  -> (artifact id: 'fa75e888a177b6cc39aaaa80b8764b51') in 0.025343 seconds 
========================================================================
Received Import Request.
  Time since last request: 0.000054 seconds.
  path: Assets/Yeni klasör/standing block react large.fbx
  artifactKey: Guid(293f56ebd9e0fb141aee8986d72f1a09) Importer(815301076,1909f56bfc062723c751e8b465ee728b)
Start importing Assets/Yeni klasör/standing block react large.fbx using Guid(293f56ebd9e0fb141aee8986d72f1a09) Importer(815301076,1909f56bfc062723c751e8b465ee728b)  -> (artifact id: 'ef1e7372315feaadb9bdfb9c100424f4') in 0.025557 seconds 
========================================================================
Received Import Request.
  Time since last request: 0.000132 seconds.
  path: Assets/Yeni klasör/standing idle.fbx
  artifactKey: Guid(b2641ad28af50b64cbdf9e5006126f31) Importer(815301076,1909f56bfc062723c751e8b465ee728b)
Start importing Assets/Yeni klasör/standing idle.fbx using Guid(b2641ad28af50b64cbdf9e5006126f31) Importer(815301076,1909f56bfc062723c751e8b465ee728b)  -> (artifact id: 'afb62446f78a79fc5656047b49a32b7b') in 0.024550 seconds 
========================================================================
Received Import Request.
  Time since last request: 0.000065 seconds.
  path: Assets/Yeni klasör/unarmed idle looking ver. 1.fbx
  artifactKey: Guid(db42c9aa09da2ce48a09eb40dd00672e) Importer(815301076,1909f56bfc062723c751e8b465ee728b)
Start importing Assets/Yeni klasör/unarmed idle looking ver. 1.fbx using Guid(db42c9aa09da2ce48a09eb40dd00672e) Importer(815301076,1909f56bfc062723c751e8b465ee728b)  -> (artifact id: '1f78d659bbe4b7886d344c14df26fa76') in 0.021153 seconds 
========================================================================
Received Import Request.
  Time since last request: 0.000059 seconds.
  path: Assets/Yeni klasör/standing run forward.fbx
  artifactKey: Guid(5b86d98ba93429a49b16b385b73a42e7) Importer(815301076,1909f56bfc062723c751e8b465ee728b)
Start importing Assets/Yeni klasör/standing run forward.fbx using Guid(5b86d98ba93429a49b16b385b73a42e7) Importer(815301076,1909f56bfc062723c751e8b465ee728b)  -> (artifact id: '430743ff8936a4b737ed81fd6779dd75') in 0.016360 seconds 
========================================================================
Received Import Request.
  Time since last request: 0.000127 seconds.
  path: Assets/Yeni klasör/standing walk right.fbx
  artifactKey: Guid(8ac129a43bf75b24ca555c29a0f029ed) Importer(815301076,1909f56bfc062723c751e8b465ee728b)
Start importing Assets/Yeni klasör/standing walk right.fbx using Guid(8ac129a43bf75b24ca555c29a0f029ed) Importer(815301076,1909f56bfc062723c751e8b465ee728b)  -> (artifact id: '4e714f5a7e2324bdf87b3194eba63645') in 0.027089 seconds 
========================================================================
Received Import Request.
  Time since last request: 0.000046 seconds.
  path: Assets/Yeni klasör/unarmed turn right 90.fbx
  artifactKey: Guid(461ddd8657886e744a553aae32f7a926) Importer(815301076,1909f56bfc062723c751e8b465ee728b)
Start importing Assets/Yeni klasör/unarmed turn right 90.fbx using Guid(461ddd8657886e744a553aae32f7a926) Importer(815301076,1909f56bfc062723c751e8b465ee728b)  -> (artifact id: '170586571f982b259e8dfa4adb615d43') in 0.019321 seconds 
========================================================================
Received Import Request.
  Time since last request: 0.000079 seconds.
  path: Assets/Yeni klasör/standing taunt chest thump.fbx
  artifactKey: Guid(6c0ab93ef140f9643b71beb6e1c59004) Importer(815301076,1909f56bfc062723c751e8b465ee728b)
Start importing Assets/Yeni klasör/standing taunt chest thump.fbx using Guid(6c0ab93ef140f9643b71beb6e1c59004) Importer(815301076,1909f56bfc062723c751e8b465ee728b)  -> (artifact id: 'bf0affdae24633cba30376e03fa8568a') in 0.025887 seconds 
========================================================================
Received Import Request.
  Time since last request: 0.000033 seconds.
  path: Assets/Yeni klasör/standing walk forward.fbx
  artifactKey: Guid(d07461dd279cd0c42902435547c02226) Importer(815301076,1909f56bfc062723c751e8b465ee728b)
Start importing Assets/Yeni klasör/standing walk forward.fbx using Guid(d07461dd279cd0c42902435547c02226) Importer(815301076,1909f56bfc062723c751e8b465ee728b)  -> (artifact id: '4194c72b8b7aae3e5611413bdca5980c') in 0.017852 seconds 
========================================================================
Received Import Request.
  Time since last request: 0.000045 seconds.
  path: Assets/Yeni klasör/unarmed run forward.fbx
  artifactKey: Guid(079b465589e06bb4084ab189e32715fa) Importer(815301076,1909f56bfc062723c751e8b465ee728b)
Start importing Assets/Yeni klasör/unarmed run forward.fbx using Guid(079b465589e06bb4084ab189e32715fa) Importer(815301076,1909f56bfc062723c751e8b465ee728b)  -> (artifact id: 'b85c9c3166e4711e8d4ad61251f28788') in 0.021985 seconds 
========================================================================
Received Import Request.
  Time since last request: 0.000030 seconds.
  path: Assets/Yeni klasör/standing block idle.fbx
  artifactKey: Guid(fcba9a023d784644d80b48c381cfdc72) Importer(815301076,1909f56bfc062723c751e8b465ee728b)
Start importing Assets/Yeni klasör/standing block idle.fbx using Guid(fcba9a023d784644d80b48c381cfdc72) Importer(815301076,1909f56bfc062723c751e8b465ee728b)  -> (artifact id: '9e7549fafd905a889e04a89944079d24') in 0.018089 seconds 
========================================================================
Received Import Request.
  Time since last request: 0.000059 seconds.
  path: Assets/Yeni klasör/standing react large from left.fbx
  artifactKey: Guid(9403cbee5e0ebee41917bd58800da198) Importer(815301076,1909f56bfc062723c751e8b465ee728b)
Start importing Assets/Yeni klasör/standing react large from left.fbx using Guid(9403cbee5e0ebee41917bd58800da198) Importer(815301076,1909f56bfc062723c751e8b465ee728b)  -> (artifact id: 'cba5f5d3b442104dd1a5eca72fc7e664') in 0.016377 seconds 
========================================================================
Received Import Request.
  Time since last request: 0.000093 seconds.
  path: Assets/Yeni klasör/standing melee combo attack ver. 2.fbx
  artifactKey: Guid(850ccece769b4c042b89f3682ed0e039) Importer(815301076,1909f56bfc062723c751e8b465ee728b)
Start importing Assets/Yeni klasör/standing melee combo attack ver. 2.fbx using Guid(850ccece769b4c042b89f3682ed0e039) Importer(815301076,1909f56bfc062723c751e8b465ee728b)  -> (artifact id: '1855e355154a6fc190a77bb5fee29ff6') in 0.022887 seconds 
========================================================================
Received Import Request.
  Time since last request: 0.000063 seconds.
  path: Assets/Yeni klasör/standing run back.fbx
  artifactKey: Guid(6b9ad80cbc0427c418deff93d892a450) Importer(815301076,1909f56bfc062723c751e8b465ee728b)
Start importing Assets/Yeni klasör/standing run back.fbx using Guid(6b9ad80cbc0427c418deff93d892a450) Importer(815301076,1909f56bfc062723c751e8b465ee728b)  -> (artifact id: 'a1960447092d949932167f679748819f') in 0.014649 seconds 
========================================================================
Received Import Request.
  Time since last request: 0.000033 seconds.
  path: Assets/Yeni klasör/standing react large from right.fbx
  artifactKey: Guid(24f8448d126649c4cb917006167f57c9) Importer(815301076,1909f56bfc062723c751e8b465ee728b)
Start importing Assets/Yeni klasör/standing react large from right.fbx using Guid(24f8448d126649c4cb917006167f57c9) Importer(815301076,1909f56bfc062723c751e8b465ee728b)  -> (artifact id: '8a654535f8383ec03dbc032e702ce76f') in 0.024707 seconds 
========================================================================
Received Import Request.
  Time since last request: 0.000114 seconds.
  path: Assets/Yeni klasör/standing melee attack backhand.fbx
  artifactKey: Guid(dc87043391c448147932292f768f2e96) Importer(815301076,1909f56bfc062723c751e8b465ee728b)
Start importing Assets/Yeni klasör/standing melee attack backhand.fbx using Guid(dc87043391c448147932292f768f2e96) Importer(815301076,1909f56bfc062723c751e8b465ee728b)  -> (artifact id: '8e2f460fabae8db33b2890a3ea12300b') in 0.034904 seconds 
========================================================================
Received Import Request.
  Time since last request: 0.000028 seconds.
  path: Assets/Yeni klasör/standing disarm over shoulder.fbx
  artifactKey: Guid(b262e565158a57e438dc43bab2ab569a) Importer(815301076,1909f56bfc062723c751e8b465ee728b)
Start importing Assets/Yeni klasör/standing disarm over shoulder.fbx using Guid(b262e565158a57e438dc43bab2ab569a) Importer(815301076,1909f56bfc062723c751e8b465ee728b)  -> (artifact id: '90c222d9f458362aaf074d83234a4403') in 0.019366 seconds 
========================================================================
Received Import Request.
  Time since last request: 0.000108 seconds.
  path: Assets/Yeni klasör/standing melee attack 360 low.fbx
  artifactKey: Guid(d06d08d8dbad8cf4dac65dadbf1bd370) Importer(815301076,1909f56bfc062723c751e8b465ee728b)
Start importing Assets/Yeni klasör/standing melee attack 360 low.fbx using Guid(d06d08d8dbad8cf4dac65dadbf1bd370) Importer(815301076,1909f56bfc062723c751e8b465ee728b)  -> (artifact id: 'dd3134cfbee127db8ad42cf0ddb503cf') in 0.029901 seconds 
========================================================================
Received Import Request.
  Time since last request: 0.000162 seconds.
  path: Assets/Yeni klasör/standing melee attack horizontal.fbx
  artifactKey: Guid(8cb5277a4f497fe4793ab51b78438ccb) Importer(815301076,1909f56bfc062723c751e8b465ee728b)
Start importing Assets/Yeni klasör/standing melee attack horizontal.fbx using Guid(8cb5277a4f497fe4793ab51b78438ccb) Importer(815301076,1909f56bfc062723c751e8b465ee728b)  -> (artifact id: 'fb2b06aa13b93cbe05d94380fdb2a653') in 0.027481 seconds 
========================================================================
Received Import Request.
  Time since last request: 0.000068 seconds.
  path: Assets/Yeni klasör/standing melee attack downward.fbx
  artifactKey: Guid(5ee18af44a0acc34994e519de9e5743c) Importer(815301076,1909f56bfc062723c751e8b465ee728b)
Start importing Assets/Yeni klasör/standing melee attack downward.fbx using Guid(5ee18af44a0acc34994e519de9e5743c) Importer(815301076,1909f56bfc062723c751e8b465ee728b)  -> (artifact id: '92b802cb9bf1db2e15fa345a6b162181') in 0.024169 seconds 
========================================================================
Received Import Request.
  Time since last request: 0.000043 seconds.
  path: Assets/Yeni klasör/unarmed run back.fbx
  artifactKey: Guid(fca6bb26e57daeb429dac7262541cbce) Importer(815301076,1909f56bfc062723c751e8b465ee728b)
Start importing Assets/Yeni klasör/unarmed run back.fbx using Guid(fca6bb26e57daeb429dac7262541cbce) Importer(815301076,1909f56bfc062723c751e8b465ee728b)  -> (artifact id: '7b757e27c895268394f6f2eed1127d23') in 0.021319 seconds 
========================================================================
Received Import Request.
  Time since last request: 0.000137 seconds.
  path: Assets/Yeni klasör/standing disarm underarm.fbx
  artifactKey: Guid(6e06a94fdcd651447bfbfe593d479dd7) Importer(815301076,1909f56bfc062723c751e8b465ee728b)
Start importing Assets/Yeni klasör/standing disarm underarm.fbx using Guid(6e06a94fdcd651447bfbfe593d479dd7) Importer(815301076,1909f56bfc062723c751e8b465ee728b)  -> (artifact id: 'b1c7743cfbb4ca8343fb2829d6907fdd') in 0.018658 seconds 
Editor requested this worker to shutdown with reason: Scaling down because of idle timeout
AssetImportWorker is now disconnected from the server
Process exiting
Exiting without the bug reporter. Application will terminate with return code 0